[debug] [2023-04-30T20:43:09.628Z] ----------------------------------------------------------------------
[debug] [2023-04-30T20:43:09.631Z] Command:       C:\Program Files\nodejs\node.exe C:\Users\HP\AppData\Roaming\npm\node_modules\firebase-tools\lib\bin\firebase.js deploy
[debug] [2023-04-30T20:43:09.631Z] CLI Version:   11.29.1
[debug] [2023-04-30T20:43:09.631Z] Platform:      win32
[debug] [2023-04-30T20:43:09.632Z] Node Version:  v18.14.0
[debug] [2023-04-30T20:43:09.633Z] Time:          Sun Apr 30 2023 21:43:09 GMT+0100 (UTC+01:00)
[debug] [2023-04-30T20:43:09.633Z] ----------------------------------------------------------------------
[debug] 
[debug] [2023-04-30T20:43:09.710Z] > command requires scopes: ["email","openid","https://www.googleapis.com/auth/cloudplatformprojects.readonly","https://www.googleapis.com/auth/firebase","https://www.googleapis.com/auth/cloud-platform"]
[debug] [2023-04-30T20:43:09.710Z] > authorizing via signed-in user (ilyasselmazidi123@gmail.com)
[debug] [2023-04-30T20:43:09.711Z] [iam] checking project ilyass-elmazidi for permissions ["firebase.projects.get","firebasehosting.sites.update"]
[debug] [2023-04-30T20:43:09.712Z] > refreshing access token with scopes: []
[debug] [2023-04-30T20:43:09.714Z] >>> [apiv2][query] POST https://www.googleapis.com/oauth2/v3/token [none]
[debug] [2023-04-30T20:43:09.714Z] >>> [apiv2][body] POST https://www.googleapis.com/oauth2/v3/token [omitted]
[debug] [2023-04-30T20:43:10.036Z] <<< [apiv2][status] POST https://www.googleapis.com/oauth2/v3/token 200
[debug] [2023-04-30T20:43:10.036Z] <<< [apiv2][body] POST https://www.googleapis.com/oauth2/v3/token [omitted]
[debug] [2023-04-30T20:43:10.046Z] >>> [apiv2][query] POST https://cloudresourcemanager.googleapis.com/v1/projects/ilyass-elmazidi:testIamPermissions [none]
[debug] [2023-04-30T20:43:10.046Z] >>> [apiv2][(partial)header] POST https://cloudresourcemanager.googleapis.com/v1/projects/ilyass-elmazidi:testIamPermissions x-goog-quota-user=projects/ilyass-elmazidi
[debug] [2023-04-30T20:43:10.046Z] >>> [apiv2][body] POST https://cloudresourcemanager.googleapis.com/v1/projects/ilyass-elmazidi:testIamPermissions {"permissions":["firebase.projects.get","firebasehosting.sites.update"]}
[debug] [2023-04-30T20:43:10.887Z] <<< [apiv2][status] POST https://cloudresourcemanager.googleapis.com/v1/projects/ilyass-elmazidi:testIamPermissions 200
[debug] [2023-04-30T20:43:10.887Z] <<< [apiv2][body] POST https://cloudresourcemanager.googleapis.com/v1/projects/ilyass-elmazidi:testIamPermissions {"permissions":["firebase.projects.get","firebasehosting.sites.update"]}
[debug] [2023-04-30T20:43:10.888Z] >>> [apiv2][query] GET https://firebase.googleapis.com/v1beta1/projects/ilyass-elmazidi [none]
[debug] [2023-04-30T20:43:11.322Z] <<< [apiv2][status] GET https://firebase.googleapis.com/v1beta1/projects/ilyass-elmazidi 200
[debug] [2023-04-30T20:43:11.323Z] <<< [apiv2][body] GET https://firebase.googleapis.com/v1beta1/projects/ilyass-elmazidi {"projectId":"ilyass-elmazidi","projectNumber":"16911362346","displayName":"Ilyass Elmazidi","name":"projects/ilyass-elmazidi","resources":{"hostingSite":"ilyass-elmazidi"},"state":"ACTIVE","etag":"1_c332e66f-1205-480c-8726-d95176dd2b0c"}
[info] 
[info] === Deploying to 'ilyass-elmazidi'...
[info] 
[info] i  deploying hosting 
[debug] [2023-04-30T20:43:11.335Z] >>> [apiv2][query] POST https://firebasehosting.googleapis.com/v1beta1/projects/-/sites/ilyass-elmazidi/versions [none]
[debug] [2023-04-30T20:43:11.335Z] >>> [apiv2][body] POST https://firebasehosting.googleapis.com/v1beta1/projects/-/sites/ilyass-elmazidi/versions {"status":"CREATED","labels":{"deployment-tool":"cli-firebase"}}
[debug] [2023-04-30T20:43:12.735Z] <<< [apiv2][status] POST https://firebasehosting.googleapis.com/v1beta1/projects/-/sites/ilyass-elmazidi/versions 200
[debug] [2023-04-30T20:43:12.735Z] <<< [apiv2][body] POST https://firebasehosting.googleapis.com/v1beta1/projects/-/sites/ilyass-elmazidi/versions {"name":"projects/16911362346/sites/ilyass-elmazidi/versions/07e2fb82e786e21c","status":"CREATED","config":{},"labels":{"deployment-tool":"cli-firebase"}}
[info] i  hosting[ilyass-elmazidi]: beginning deploy... 
[info] i  hosting[ilyass-elmazidi]: found 21 files in build 
[debug] [2023-04-30T20:43:12.752Z] [hosting] uploading with 200 concurrency
[debug] [2023-04-30T20:43:13.074Z] [hosting] hash cache [YnVpbGQ] stored for 21 files
[debug] [2023-04-30T20:43:13.074Z] [hosting][hash queue][FINAL] {"max":312,"min":7,"avg":33.23809523809524,"active":0,"complete":21,"success":21,"errored":0,"retried":0,"total":21,"elapsed":319}
[debug] [2023-04-30T20:43:13.074Z] >>> [apiv2][query] POST https://firebasehosting.googleapis.com/v1beta1/projects/16911362346/sites/ilyass-elmazidi/versions/07e2fb82e786e21c:populateFiles [none]
[debug] [2023-04-30T20:43:13.075Z] >>> [apiv2][body] POST https://firebasehosting.googleapis.com/v1beta1/projects/16911362346/sites/ilyass-elmazidi/versions/07e2fb82e786e21c:populateFiles {"files":{"/404.html":"daa499dd96d8229e73235345702ba32f0793f0c8e5c0d30e40e37a5872be57aa","/IMG_20230219_185029_391-removebg-preview.png":"faa6f6acfa96563132582c0daf70bd969f6ba0d585062a3b28f2dcc6a8430d0d","/manifest.json":"aff3449bdc238776f5d6d967f19ec491b36aed5fb7f23ccff6500736fd58494a","/robots.txt":"bfe106a3fb878dc83461c86818bf74fc1bdc7f28538ba613cd3e775516ce8b49","/index.html":"44e5add19f7b74c3919f785f8c54873bee0c002fdec9a706a215dd7307dd3e2b","/static/js/main.b5c9064d.js.LICENSE.txt":"a1e10079e8155bc5525d13d0464e64acbd892cb93e51621cce5f31f1c4cc8fe3","/static/css/main.4604067c.css":"7ae999cedb9b6a534deae0fcbd7ef4071e04dc237262c922389af3f3d0784108","/static/media/Assignment.643276a8579c971fc21c.PNG":"9989d75cc0e194ed81f178ab405eb4275c83dfa372f95bb0faf544426a7e9d7e","/static/css/main.4604067c.css.map":"c398085c307a51ac34f4abe8a33901708b6d0ac8eca3db978bee3b016e03a727","/static/media/Subtract.f5b95c21a560edee7c5b.png":"b87a1cbf99717af0ee2d66c75505f3e92d468dbc26c2d02f6514e9daf9115528","/asset-manifest.json":"76065a2841e5cbceac8289c7df2cf980f68bdab8355520afa79b457a1847482a","/static/media/undraw_feeling_proud_qne1.9caab938a2e3057c9714.png":"b8bcfd95ba13ff78bd0196f8fbf2d81e52241b1cf21a413cc9dbf291a461a323","/static/media/undraw_feeling_proud_qne1-removebg-preview.ca2ede24871be74d1cd4.png":"88ad4788a06f194e26913ca02a690d6a0995355632dbcca2f1d8b09c5ce8f574","/static/media/Chat App.d15b454023f1fcb42b14.PNG":"b378e59140ac418e2adf2f26cf3746899c18f6a2d1f093f95824b5079e53197e","/static/media/IMG_20230219_185029_391-removebg-preview.5ce6354ccd56172ff996.png":"faa6f6acfa96563132582c0daf70bd969f6ba0d585062a3b28f2dcc6a8430d0d","/static/media/donationSite .552492b7d666c9edb342.PNG":"d3ce0885449fbeade19c882fb82d4e67422723d4808caf77b1132e2706779ba6","/static/media/Template3.ebbb4583e7f1abf46069.PNG":"c020fd15ac61dc99538249efec0c93292e4b9133d959047cd8f895599944b3a2","/static/js/main.b5c9064d.js":"3ff310b212145ffb822bc92576c2a88b5d864672c6239d60515f44b1647cd29c","/static/media/Template1.f5e6891a9e798182748d.PNG":"c4f9d0bad5002478168de641066433864186773b772019414ffa29a368cd8807","/static/media/Template2 .1f591f37da4f29d37ae2.PNG":"d24f9eb8c3eae99d0b021483af0539d44bc5526295c71b51644e9e385af158b3","/static/js/main.b5c9064d.js.map":"b954b6be5510a709175f77faa127996dd23351e49b37a8386121c8eed621635e"}}
[debug] [2023-04-30T20:43:13.680Z] <<< [apiv2][status] POST https://firebasehosting.googleapis.com/v1beta1/projects/16911362346/sites/ilyass-elmazidi/versions/07e2fb82e786e21c:populateFiles 200
[debug] [2023-04-30T20:43:13.680Z] <<< [apiv2][body] POST https://firebasehosting.googleapis.com/v1beta1/projects/16911362346/sites/ilyass-elmazidi/versions/07e2fb82e786e21c:populateFiles {"uploadRequiredHashes":["44e5add19f7b74c3919f785f8c54873bee0c002fdec9a706a215dd7307dd3e2b","76065a2841e5cbceac8289c7df2cf980f68bdab8355520afa79b457a1847482a","c398085c307a51ac34f4abe8a33901708b6d0ac8eca3db978bee3b016e03a727","b954b6be5510a709175f77faa127996dd23351e49b37a8386121c8eed621635e","7ae999cedb9b6a534deae0fcbd7ef4071e04dc237262c922389af3f3d0784108","3ff310b212145ffb822bc92576c2a88b5d864672c6239d60515f44b1647cd29c"],"uploadUrl":"https://upload-firebasehosting.googleapis.com/upload/sites/ilyass-elmazidi/versions/07e2fb82e786e21c/files"}
[debug] [2023-04-30T20:43:13.681Z] >>> [apiv2][query] POST https://upload-firebasehosting.googleapis.com/upload/sites/ilyass-elmazidi/versions/07e2fb82e786e21c/files/44e5add19f7b74c3919f785f8c54873bee0c002fdec9a706a215dd7307dd3e2b [none]
[debug] [2023-04-30T20:43:13.681Z] >>> [apiv2][body] POST https://upload-firebasehosting.googleapis.com/upload/sites/ilyass-elmazidi/versions/07e2fb82e786e21c/files/44e5add19f7b74c3919f785f8c54873bee0c002fdec9a706a215dd7307dd3e2b [stream]
[debug] [2023-04-30T20:43:13.683Z] >>> [apiv2][query] POST https://upload-firebasehosting.googleapis.com/upload/sites/ilyass-elmazidi/versions/07e2fb82e786e21c/files/76065a2841e5cbceac8289c7df2cf980f68bdab8355520afa79b457a1847482a [none]
[debug] [2023-04-30T20:43:13.683Z] >>> [apiv2][body] POST https://upload-firebasehosting.googleapis.com/upload/sites/ilyass-elmazidi/versions/07e2fb82e786e21c/files/76065a2841e5cbceac8289c7df2cf980f68bdab8355520afa79b457a1847482a [stream]
[debug] [2023-04-30T20:43:13.684Z] >>> [apiv2][query] POST https://upload-firebasehosting.googleapis.com/upload/sites/ilyass-elmazidi/versions/07e2fb82e786e21c/files/c398085c307a51ac34f4abe8a33901708b6d0ac8eca3db978bee3b016e03a727 [none]
[debug] [2023-04-30T20:43:13.684Z] >>> [apiv2][body] POST https://upload-firebasehosting.googleapis.com/upload/sites/ilyass-elmazidi/versions/07e2fb82e786e21c/files/c398085c307a51ac34f4abe8a33901708b6d0ac8eca3db978bee3b016e03a727 [stream]
[debug] [2023-04-30T20:43:13.685Z] >>> [apiv2][query] POST https://upload-firebasehosting.googleapis.com/upload/sites/ilyass-elmazidi/versions/07e2fb82e786e21c/files/b954b6be5510a709175f77faa127996dd23351e49b37a8386121c8eed621635e [none]
[debug] [2023-04-30T20:43:13.685Z] >>> [apiv2][body] POST https://upload-firebasehosting.googleapis.com/upload/sites/ilyass-elmazidi/versions/07e2fb82e786e21c/files/b954b6be5510a709175f77faa127996dd23351e49b37a8386121c8eed621635e [stream]
[debug] [2023-04-30T20:43:13.686Z] >>> [apiv2][query] POST https://upload-firebasehosting.googleapis.com/upload/sites/ilyass-elmazidi/versions/07e2fb82e786e21c/files/7ae999cedb9b6a534deae0fcbd7ef4071e04dc237262c922389af3f3d0784108 [none]
[debug] [2023-04-30T20:43:13.686Z] >>> [apiv2][body] POST https://upload-firebasehosting.googleapis.com/upload/sites/ilyass-elmazidi/versions/07e2fb82e786e21c/files/7ae999cedb9b6a534deae0fcbd7ef4071e04dc237262c922389af3f3d0784108 [stream]
[debug] [2023-04-30T20:43:13.687Z] >>> [apiv2][query] POST https://upload-firebasehosting.googleapis.com/upload/sites/ilyass-elmazidi/versions/07e2fb82e786e21c/files/3ff310b212145ffb822bc92576c2a88b5d864672c6239d60515f44b1647cd29c [none]
[debug] [2023-04-30T20:43:13.687Z] >>> [apiv2][body] POST https://upload-firebasehosting.googleapis.com/upload/sites/ilyass-elmazidi/versions/07e2fb82e786e21c/files/3ff310b212145ffb822bc92576c2a88b5d864672c6239d60515f44b1647cd29c [stream]
[debug] [2023-04-30T20:43:13.688Z] [hosting][populate queue][FINAL] {"max":609,"min":609,"avg":609,"active":0,"complete":1,"success":1,"errored":0,"retried":0,"total":1,"elapsed":616}
[debug] [2023-04-30T20:43:13.688Z] [hosting] uploads queued: 6
[debug] [2023-04-30T20:43:15.169Z] <<< [apiv2][status] POST https://upload-firebasehosting.googleapis.com/upload/sites/ilyass-elmazidi/versions/07e2fb82e786e21c/files/7ae999cedb9b6a534deae0fcbd7ef4071e04dc237262c922389af3f3d0784108 200
[debug] [2023-04-30T20:43:15.169Z] <<< [apiv2][body] POST https://upload-firebasehosting.googleapis.com/upload/sites/ilyass-elmazidi/versions/07e2fb82e786e21c/files/7ae999cedb9b6a534deae0fcbd7ef4071e04dc237262c922389af3f3d0784108 [stream]
[debug] [2023-04-30T20:43:15.194Z] <<< [apiv2][status] POST https://upload-firebasehosting.googleapis.com/upload/sites/ilyass-elmazidi/versions/07e2fb82e786e21c/files/c398085c307a51ac34f4abe8a33901708b6d0ac8eca3db978bee3b016e03a727 200
[debug] [2023-04-30T20:43:15.194Z] <<< [apiv2][body] POST https://upload-firebasehosting.googleapis.com/upload/sites/ilyass-elmazidi/versions/07e2fb82e786e21c/files/c398085c307a51ac34f4abe8a33901708b6d0ac8eca3db978bee3b016e03a727 [stream]
[debug] [2023-04-30T20:43:15.445Z] <<< [apiv2][status] POST https://upload-firebasehosting.googleapis.com/upload/sites/ilyass-elmazidi/versions/07e2fb82e786e21c/files/44e5add19f7b74c3919f785f8c54873bee0c002fdec9a706a215dd7307dd3e2b 200
[debug] [2023-04-30T20:43:15.445Z] <<< [apiv2][body] POST https://upload-firebasehosting.googleapis.com/upload/sites/ilyass-elmazidi/versions/07e2fb82e786e21c/files/44e5add19f7b74c3919f785f8c54873bee0c002fdec9a706a215dd7307dd3e2b [stream]
[debug] [2023-04-30T20:43:15.621Z] <<< [apiv2][status] POST https://upload-firebasehosting.googleapis.com/upload/sites/ilyass-elmazidi/versions/07e2fb82e786e21c/files/76065a2841e5cbceac8289c7df2cf980f68bdab8355520afa79b457a1847482a 200
[debug] [2023-04-30T20:43:15.621Z] <<< [apiv2][body] POST https://upload-firebasehosting.googleapis.com/upload/sites/ilyass-elmazidi/versions/07e2fb82e786e21c/files/76065a2841e5cbceac8289c7df2cf980f68bdab8355520afa79b457a1847482a [stream]
[debug] [2023-04-30T20:43:19.222Z] <<< [apiv2][status] POST https://upload-firebasehosting.googleapis.com/upload/sites/ilyass-elmazidi/versions/07e2fb82e786e21c/files/3ff310b212145ffb822bc92576c2a88b5d864672c6239d60515f44b1647cd29c 200
[debug] [2023-04-30T20:43:19.222Z] <<< [apiv2][body] POST https://upload-firebasehosting.googleapis.com/upload/sites/ilyass-elmazidi/versions/07e2fb82e786e21c/files/3ff310b212145ffb822bc92576c2a88b5d864672c6239d60515f44b1647cd29c [stream]
